#
# There is insufficient memory for the Java Runtime Environment to continue.
# Native memory allocation (malloc) failed to allocate 263856 bytes. Error detail: Chunk::new
# Possible reasons:
#   The system is out of physical RAM or swap space
#   This process is running with CompressedOops enabled, and the Java Heap may be blocking the growth of the native heap
# Possible solutions:
#   Reduce memory load on the system
#   Increase physical memory or swap space
#   Check if swap backing store is full
#   Decrease Java heap size (-Xmx/-Xms)
#   Decrease number of Java threads
#   Decrease Java thread stack sizes (-Xss)
#   Set larger code cache with -XX:ReservedCodeCacheSize=
#   JVM is running with Unscaled Compressed Oops mode in which the Java heap is
#     placed in the first 4GB address space. The Java Heap base address is the
#     maximum limit for the native heap growth. Please use -XX:HeapBaseMinAddress
#     to set the Java Heap base and to place the Java Heap above 4GB virtual address.
# This output file may be truncated or incomplete.
#
#  Out of Memory Error (arena.cpp:168), pid=13324, tid=7480
#
# JRE version: OpenJDK Runtime Environment Temurin-21.0.8+9 (21.0.8+9) (build 21.0.8+9-LTS)
# Java VM: OpenJDK 64-Bit Server VM Temurin-21.0.8+9 (21.0.8+9-LTS, mixed mode, sharing, tiered, compressed oops, compressed class ptrs, parallel gc, windows-amd64)
# No core dump will be written. Minidumps are not enabled by default on client versions of Windows
#

---------------  S U M M A R Y ------------

Command Line: --add-modules=ALL-SYSTEM --add-opens=java.base/java.util=ALL-UNNAMED --add-opens=java.base/java.lang=ALL-UNNAMED --add-opens=java.base/sun.nio.fs=ALL-UNNAMED -Declipse.application=org.eclipse.jdt.ls.core.id1 -Dosgi.bundles.defaultStartLevel=4 -Declipse.product=org.eclipse.jdt.ls.core.product -Djava.import.generatesMetadataFilesAtProjectRoot=false -DDetectVMInstallationsJob.disabled=true -Dfile.encoding=utf8 -XX:+UseParallelGC -XX:GCTimeRatio=4 -XX:AdaptiveSizePolicyWeight=90 -Dsun.zip.disableMemoryMapping=true -Xmx2G -Xms100m -Xlog:disable -javaagent:c:\Users\lulub\.vscode\extensions\redhat.java-1.44.0-win32-x64\lombok\lombok-1.18.39-4050.jar c:\Users\lulub\.vscode\extensions\redhat.java-1.44.0-win32-x64\server\plugins\org.eclipse.equinox.launcher_1.7.0.v20250519-0528.jar -configuration c:\Users\lulub\AppData\Roaming\Code\User\globalStorage\redhat.java\1.44.0\config_ss_win -data c:\Users\lulub\AppData\Roaming\Code\User\workspaceStorage\3531c2e946f91c46e5a60dbcf2808670\redhat.java\ss_ws --pipe=\\.\pipe\lsp-8ba45a051595620d93c50a49f1d30c25-sock

Host: ## __CPU__, 12 cores, 7G,  Windows 11 , 64 bit Build 26100 (10.0.26100.4768)
Time: Wed Aug 27 01:22:52 2025 Hora Padrão da Bahia elapsed time: 15.351211 seconds (0d 0h 0m 15s)

---------------  T H R E A D  ---------------

Current thread (0x000001657224cb60):  JavaThread "C2 CompilerThread0" daemon [_thread_in_native, id=7480, stack(0x0000002fd2d00000,0x0000002fd2e00000) (1024K)]


Current CompileTask:
C2:15351 2175 %     4       java.util.Properties$LineReader::readLine @ 53 (584 bytes)

Stack: [0x0000002fd2d00000,0x0000002fd2e00000]
Native frames: (J=compiled Java code, j=interpreted, Vv=VM code, C=native code)
V  [jvm.dll+0x6d2449]
V  [jvm.dll+0x8ae341]
V  [jvm.dll+0x8b08be]
V  [jvm.dll+0x8b0fa3]
V  [jvm.dll+0x280c96]
V  [jvm.dll+0xc581d]
V  [jvm.dll+0xc5d53]
V  [jvm.dll+0x3b9162]
V  [jvm.dll+0x385315]
V  [jvm.dll+0x38477a]
V  [jvm.dll+0x248ed0]
V  [jvm.dll+0x2484af]
V  [jvm.dll+0x1c89ee]
V  [jvm.dll+0x257d4d]
V  [jvm.dll+0x2562ea]
V  [jvm.dll+0x3f2d16]
V  [jvm.dll+0x857e6b]
V  [jvm.dll+0x6d0b0d]
C  [ucrtbase.dll+0x37b0]
C  [KERNEL32.DLL+0x2e8d7]
C  [ntdll.dll+0x3c34c]


---------------  P R O C E S S  ---------------

Threads class SMR info:
_java_thread_list=0x000001657233c4c0, length=16, elements={
0x000001651943ec90, 0x000001652feb4fb0, 0x000001652feb5f70, 0x000001652fecbc00,
0x0000016572241fb0, 0x00000165722427c0, 0x00000165722436c0, 0x000001657224cb60,
0x000001657226d3f0, 0x00000165194a3f70, 0x00000165725aed60, 0x00000165737105e0,
0x0000016578037400, 0x0000016573873580, 0x00000165738536c0, 0x0000016572421200
}

Java Threads: ( => current thread )
  0x000001651943ec90 JavaThread "main"                              [_thread_blocked, id=17664, stack(0x0000002fd2300000,0x0000002fd2400000) (1024K)]
  0x000001652feb4fb0 JavaThread "Reference Handler"          daemon [_thread_blocked, id=5732, stack(0x0000002fd2700000,0x0000002fd2800000) (1024K)]
  0x000001652feb5f70 JavaThread "Finalizer"                  daemon [_thread_blocked, id=1864, stack(0x0000002fd2800000,0x0000002fd2900000) (1024K)]
  0x000001652fecbc00 JavaThread "Signal Dispatcher"          daemon [_thread_blocked, id=14140, stack(0x0000002fd2900000,0x0000002fd2a00000) (1024K)]
  0x0000016572241fb0 JavaThread "Attach Listener"            daemon [_thread_blocked, id=5372, stack(0x0000002fd2a00000,0x0000002fd2b00000) (1024K)]
  0x00000165722427c0 JavaThread "Service Thread"             daemon [_thread_blocked, id=10272, stack(0x0000002fd2b00000,0x0000002fd2c00000) (1024K)]
  0x00000165722436c0 JavaThread "Monitor Deflation Thread"   daemon [_thread_blocked, id=4916, stack(0x0000002fd2c00000,0x0000002fd2d00000) (1024K)]
=>0x000001657224cb60 JavaThread "C2 CompilerThread0"         daemon [_thread_in_native, id=7480, stack(0x0000002fd2d00000,0x0000002fd2e00000) (1024K)]
  0x000001657226d3f0 JavaThread "C1 CompilerThread0"         daemon [_thread_blocked, id=13236, stack(0x0000002fd2e00000,0x0000002fd2f00000) (1024K)]
  0x00000165194a3f70 JavaThread "Common-Cleaner"             daemon [_thread_blocked, id=21876, stack(0x0000002fd2f00000,0x0000002fd3000000) (1024K)]
  0x00000165725aed60 JavaThread "Notification Thread"        daemon [_thread_blocked, id=21884, stack(0x0000002fd3000000,0x0000002fd3100000) (1024K)]
  0x00000165737105e0 JavaThread "Active Thread: Equinox Container: bd81cde9-3a0e-4e87-b88e-b1539fb1baff"        [_thread_blocked, id=3892, stack(0x0000002fd3800000,0x0000002fd3900000) (1024K)]
  0x0000016578037400 JavaThread "Framework Event Dispatcher: Equinox Container: bd81cde9-3a0e-4e87-b88e-b1539fb1baff" daemon [_thread_blocked, id=18484, stack(0x0000002fd3900000,0x0000002fd3a00000) (1024K)]
  0x0000016573873580 JavaThread "Start Level: Equinox Container: bd81cde9-3a0e-4e87-b88e-b1539fb1baff" daemon [_thread_blocked, id=9260, stack(0x0000002fd3a00000,0x0000002fd3b00000) (1024K)]
  0x00000165738536c0 JavaThread "SCR Component Actor"        daemon [_thread_blocked, id=22372, stack(0x0000002fd3c00000,0x0000002fd3d00000) (1024K)]
  0x0000016572421200 JavaThread "Worker-JM"                         [_thread_blocked, id=20988, stack(0x0000002fd3d00000,0x0000002fd3e00000) (1024K)]
Total: 16

Other Threads:
  0x00000165194d6220 VMThread "VM Thread"                           [id=19992, stack(0x0000002fd2600000,0x0000002fd2700000) (1024K)]
  0x000001652fdaca00 WatcherThread "VM Periodic Task Thread"        [id=1248, stack(0x0000002fd2500000,0x0000002fd2600000) (1024K)]
  0x0000016519457410 WorkerThread "GC Thread#0"                     [id=12976, stack(0x0000002fd2400000,0x0000002fd2500000) (1024K)]
  0x00000165734df8d0 WorkerThread "GC Thread#1"                     [id=12184, stack(0x0000002fd3200000,0x0000002fd3300000) (1024K)]
  0x0000016573414e40 WorkerThread "GC Thread#2"                     [id=19420, stack(0x0000002fd3300000,0x0000002fd3400000) (1024K)]
  0x00000165734151e0 WorkerThread "GC Thread#3"                     [id=8668, stack(0x0000002fd3400000,0x0000002fd3500000) (1024K)]
  0x0000016573415580 WorkerThread "GC Thread#4"                     [id=19460, stack(0x0000002fd3500000,0x0000002fd3600000) (1024K)]
  0x0000016573415920 WorkerThread "GC Thread#5"                     [id=5992, stack(0x0000002fd3600000,0x0000002fd3700000) (1024K)]
  0x0000016573415cc0 WorkerThread "GC Thread#6"                     [id=19392, stack(0x0000002fd3700000,0x0000002fd3800000) (1024K)]
  0x00000165736dd9c0 WorkerThread "GC Thread#7"                     [id=5052, stack(0x0000002fd3b00000,0x0000002fd3c00000) (1024K)]
Total: 10

Threads with active compile tasks:
C2 CompilerThread0  16405 2175 %     4       java.util.Properties$LineReader::readLine @ 53 (584 bytes)
C1 CompilerThread0  16405 2244       3       jdk.internal.org.objectweb.asm.MethodWriter::computeAllFrames (510 bytes)
Total: 2

VM state: at safepoint (normal execution)

VM Mutex/Monitor currently owned by a thread:  ([mutex/lock_event])
[0x00007ffb0f625458] Threads_lock - owner thread: 0x00000165194d6220
[0x00007ffb0f625558] Heap_lock - owner thread: 0x0000016573873580

Heap address: 0x0000000080000000, size: 2048 MB, Compressed Oops mode: 32-bit

CDS archive(s) mapped at: [0x0000016530000000-0x0000016530ba0000-0x0000016530ba0000), size 12189696, SharedBaseAddress: 0x0000016530000000, ArchiveRelocationMode: 1.
Compressed class space mapped at: 0x0000016531000000-0x0000016571000000, reserved size: 1073741824
Narrow klass base: 0x0000016530000000, Narrow klass shift: 0, Narrow klass range: 0x100000000

GC Precious Log:
 CardTable entry size: 512
 CPUs: 12 total, 12 available
 Memory: 7916M
 Large Page Support: Disabled
 NUMA Support: Disabled
 Compressed Oops: Enabled (32-bit)
 Alignments: Space 512K, Generation 512K, Heap 2M
 Heap Min Capacity: 100M
 Heap Initial Capacity: 100M
 Heap Max Capacity: 2G
 Pre-touch: Disabled
 Parallel Workers: 10

Heap:
 PSYoungGen      total 29696K, used 29685K [0x00000000d5580000, 0x00000000d7680000, 0x0000000100000000)
  eden space 25600K, 100% used [0x00000000d5580000,0x00000000d6e80000,0x00000000d6e80000)
  from space 4096K, 99% used [0x00000000d7280000,0x00000000d767d530,0x00000000d7680000)
  to   space 4096K, 99% used [0x00000000d6e80000,0x00000000d727fc68,0x00000000d7280000)
 ParOldGen       total 68608K, used 1832K [0x0000000080000000, 0x0000000084300000, 0x00000000d5580000)
  object space 68608K, 2% used [0x0000000080000000,0x00000000801cc128,0x0000000084300000)
 Metaspace       used 12940K, committed 13504K, reserved 1114112K
  class space    used 1370K, committed 1600K, reserved 1048576K

Card table byte_map: [0x0000016518dd0000,0x00000165191e0000] _byte_map_base: 0x00000165189d0000

Marking Bits: (ParMarkBitMap*) 0x00007ffb0f62a340
 Begin Bits: [0x000001652b8d0000, 0x000001652d8d0000)
 End Bits:   [0x000001652d8d0000, 0x000001652f8d0000)

Polling page: 0x0000016517400000

Metaspace:

Usage:
  Non-class:     11.30 MB used.
      Class:      1.34 MB used.
       Both:     12.64 MB used.

Virtual space:
  Non-class space:       64.00 MB reserved,      11.62 MB ( 18%) committed,  1 nodes.
      Class space:        1.00 GB reserved,       1.56 MB ( <1%) committed,  1 nodes.
             Both:        1.06 GB reserved,      13.19 MB (  1%) committed. 

Chunk freelists:
   Non-Class:  4.30 MB
       Class:  14.45 MB
        Both:  18.75 MB

MaxMetaspaceSize: unlimited
CompressedClassSpaceSize: 1.00 GB
Initial GC threshold: 21.00 MB
Current GC threshold: 21.00 MB
CDS: on
 - commit_granule_bytes: 65536.
 - commit_granule_words: 8192.
 - virtual_space_node_default_size: 8388608.
 - enlarge_chunks_in_place: 1.
 - use_allocation_guard: 0.


Internal statistics:

num_allocs_failed_limit: 0.
num_arena_births: 366.
num_arena_deaths: 0.
num_vsnodes_births: 2.
num_vsnodes_deaths: 0.
num_space_committed: 211.
num_space_uncommitted: 0.
num_chunks_returned_to_freelist: 0.
num_chunks_taken_from_freelist: 780.
num_chunk_merges: 0.
num_chunk_splits: 505.
num_chunks_enlarged: 337.
num_inconsistent_stats: 0.

CodeHeap 'non-profiled nmethods': size=120000Kb used=896Kb max_used=896Kb free=119103Kb
 bounds [0x00000165240f0000, 0x0000016524360000, 0x000001652b620000]
CodeHeap 'profiled nmethods': size=120000Kb used=4193Kb max_used=4193Kb free=115806Kb
 bounds [0x000001651c620000, 0x000001651ca40000, 0x0000016523b50000]
CodeHeap 'non-nmethods': size=5760Kb used=1250Kb max_used=1266Kb free=4509Kb
 bounds [0x0000016523b50000, 0x0000016523dc0000, 0x00000165240f0000]
CodeCache: size=245760Kb, used=6339Kb, max_used=6355Kb, free=239418Kb
 total_blobs=2757, nmethods=2238, adapters=425, full_count=0
Compilation: enabled, stopped_count=0, restarted_count=0

Compilation events (20 events):
Event: 13.325 Thread 0x000001657226d3f0 2207       3       java.lang.invoke.DirectMethodHandle$Holder::invokeStatic (20 bytes)
Event: 13.325 Thread 0x000001657226d3f0 nmethod 2207 0x000001651ca26a10 code [0x000001651ca26be0, 0x000001651ca27030]
Event: 13.325 Thread 0x000001657226d3f0 2208       3       java.lang.invoke.BoundMethodHandle$Species_LL::make (12 bytes)
Event: 13.325 Thread 0x000001657226d3f0 nmethod 2208 0x000001651ca27190 code [0x000001651ca27340, 0x000001651ca27580]
Event: 13.325 Thread 0x000001657226d3f0 2209       3       java.lang.invoke.BoundMethodHandle$Species_LL::<init> (18 bytes)
Event: 13.325 Thread 0x000001657226d3f0 nmethod 2209 0x000001651ca27690 code [0x000001651ca27840, 0x000001651ca27a48]
Event: 13.325 Thread 0x000001657226d3f0 2204       3       java.lang.invoke.MethodHandles$Lookup::getDirectFieldCommon (67 bytes)
Event: 13.325 Thread 0x000001657226d3f0 nmethod 2204 0x000001651ca27b90 code [0x000001651ca27da0, 0x000001651ca28210]
Event: 13.325 Thread 0x000001657226d3f0 2206       3       java.lang.invoke.DirectMethodHandle::preparedFieldLambdaForm (180 bytes)
Event: 13.326 Thread 0x000001657226d3f0 nmethod 2206 0x000001651ca28390 code [0x000001651ca285e0, 0x000001651ca28d08]
Event: 13.326 Thread 0x000001657226d3f0 2215       3       java.lang.invoke.DelegatingMethodHandle::makeReinvokerForm (10 bytes)
Event: 13.326 Thread 0x000001657226d3f0 nmethod 2215 0x000001651ca29010 code [0x000001651ca291c0, 0x000001651ca292e8]
Event: 13.326 Thread 0x000001657226d3f0 2216       3       java.lang.invoke.DelegatingMethodHandle::makeReinvokerForm (326 bytes)
Event: 13.327 Thread 0x000001657226d3f0 nmethod 2216 0x000001651ca29390 code [0x000001651ca29740, 0x000001651ca2b360]
Event: 13.327 Thread 0x000001657226d3f0 2205       3       java.lang.invoke.LambdaFormEditor$TransformKey::packedBytes (30 bytes)
Event: 13.327 Thread 0x000001657226d3f0 nmethod 2205 0x000001651ca2c090 code [0x000001651ca2c220, 0x000001651ca2c328]
Event: 13.327 Thread 0x000001657226d3f0 2217       3       java.lang.ref.SoftReference::<init> (13 bytes)
Event: 13.327 Thread 0x000001657226d3f0 nmethod 2217 0x000001651ca2c390 code [0x000001651ca2c540, 0x000001651ca2c7e0]
Event: 13.329 Thread 0x000001657226d3f0 2218       3       java.lang.invoke.TypeConvertingMethodAdapter::cast (42 bytes)
Event: 13.329 Thread 0x000001657226d3f0 nmethod 2218 0x000001651ca2c910 code [0x000001651ca2cb00, 0x000001651ca2cf58]

GC Heap History (4 events):
Event: 1.507 GC heap before
{Heap before GC invocations=1 (full 0):
 PSYoungGen      total 29696K, used 25600K [0x00000000d5580000, 0x00000000d7680000, 0x0000000100000000)
  eden space 25600K, 100% used [0x00000000d5580000,0x00000000d6e80000,0x00000000d6e80000)
  from space 4096K, 0% used [0x00000000d7280000,0x00000000d7280000,0x00000000d7680000)
  to   space 4096K, 0% used [0x00000000d6e80000,0x00000000d6e80000,0x00000000d7280000)
 ParOldGen       total 68608K, used 0K [0x0000000080000000, 0x0000000084300000, 0x00000000d5580000)
  object space 68608K, 0% used [0x0000000080000000,0x0000000080000000,0x0000000084300000)
 Metaspace       used 4313K, committed 4544K, reserved 1114112K
  class space    used 471K, committed 576K, reserved 1048576K
}
Event: 1.518 GC heap after
{Heap after GC invocations=1 (full 0):
 PSYoungGen      total 29696K, used 3359K [0x00000000d5580000, 0x00000000d7680000, 0x0000000100000000)
  eden space 25600K, 0% used [0x00000000d5580000,0x00000000d5580000,0x00000000d6e80000)
  from space 4096K, 82% used [0x00000000d6e80000,0x00000000d71c7e78,0x00000000d7280000)
  to   space 4096K, 0% used [0x00000000d7280000,0x00000000d7280000,0x00000000d7680000)
 ParOldGen       total 68608K, used 16K [0x0000000080000000, 0x0000000084300000, 0x00000000d5580000)
  object space 68608K, 0% used [0x0000000080000000,0x0000000080004000,0x0000000084300000)
 Metaspace       used 4313K, committed 4544K, reserved 1114112K
  class space    used 471K, committed 576K, reserved 1048576K
}
Event: 3.447 GC heap before
{Heap before GC invocations=2 (full 0):
 PSYoungGen      total 29696K, used 28959K [0x00000000d5580000, 0x00000000d7680000, 0x0000000100000000)
  eden space 25600K, 100% used [0x00000000d5580000,0x00000000d6e80000,0x00000000d6e80000)
  from space 4096K, 82% used [0x00000000d6e80000,0x00000000d71c7e78,0x00000000d7280000)
  to   space 4096K, 0% used [0x00000000d7280000,0x00000000d7280000,0x00000000d7680000)
 ParOldGen       total 68608K, used 16K [0x0000000080000000, 0x0000000084300000, 0x00000000d5580000)
  object space 68608K, 0% used [0x0000000080000000,0x0000000080004000,0x0000000084300000)
 Metaspace       used 8157K, committed 8448K, reserved 1114112K
  class space    used 870K, committed 1024K, reserved 1048576K
}
Event: 3.454 GC heap after
{Heap after GC invocations=2 (full 0):
 PSYoungGen      total 29696K, used 4085K [0x00000000d5580000, 0x00000000d7680000, 0x0000000100000000)
  eden space 25600K, 0% used [0x00000000d5580000,0x00000000d5580000,0x00000000d6e80000)
  from space 4096K, 99% used [0x00000000d7280000,0x00000000d767d530,0x00000000d7680000)
  to   space 4096K, 0% used [0x00000000d6e80000,0x00000000d6e80000,0x00000000d7280000)
 ParOldGen       total 68608K, used 929K [0x0000000080000000, 0x0000000084300000, 0x00000000d5580000)
  object space 68608K, 1% used [0x0000000080000000,0x00000000800e8698,0x0000000084300000)
 Metaspace       used 8157K, committed 8448K, reserved 1114112K
  class space    used 870K, committed 1024K, reserved 1048576K
}

Dll operation events (9 events):
Event: 0.026 Loaded shared library c:\Users\lulub\.vscode\extensions\redhat.java-1.44.0-win32-x64\jre\21.0.8-win32-x86_64\bin\java.dll
Event: 0.159 Loaded shared library c:\Users\lulub\.vscode\extensions\redhat.java-1.44.0-win32-x64\jre\21.0.8-win32-x86_64\bin\zip.dll
Event: 0.204 Loaded shared library C:\Users\lulub\.vscode\extensions\redhat.java-1.44.0-win32-x64\jre\21.0.8-win32-x86_64\bin\instrument.dll
Event: 0.214 Loaded shared library C:\Users\lulub\.vscode\extensions\redhat.java-1.44.0-win32-x64\jre\21.0.8-win32-x86_64\bin\net.dll
Event: 0.219 Loaded shared library C:\Users\lulub\.vscode\extensions\redhat.java-1.44.0-win32-x64\jre\21.0.8-win32-x86_64\bin\nio.dll
Event: 0.226 Loaded shared library C:\Users\lulub\.vscode\extensions\redhat.java-1.44.0-win32-x64\jre\21.0.8-win32-x86_64\bin\zip.dll
Event: 0.259 Loaded shared library C:\Users\lulub\.vscode\extensions\redhat.java-1.44.0-win32-x64\jre\21.0.8-win32-x86_64\bin\jimage.dll
Event: 0.444 Loaded shared library c:\Users\lulub\.vscode\extensions\redhat.java-1.44.0-win32-x64\jre\21.0.8-win32-x86_64\bin\verify.dll
Event: 3.418 Loaded shared library C:\Users\lulub\AppData\Roaming\Code\User\globalStorage\redhat.java\1.44.0\config_ss_win\org.eclipse.equinox.launcher\org.eclipse.equinox.launcher.win32.win32.x86_64_1.2.1400.v20250730-1736\eclipse_11913.dll

Deoptimization events (20 events):
Event: 8.955 Thread 0x0000016573873580 Uncommon trap: trap_request=0xffffffc6 fr.pc=0x00000165241b4c20 relative=0x0000000000001320
Event: 8.955 Thread 0x0000016573873580 Uncommon trap: reason=bimorphic_or_optimized_type_check action=maybe_recompile pc=0x00000165241b4c20 method=java.io.DataInputStream.readFully([BII)V @ 30 c2
Event: 8.955 Thread 0x0000016573873580 DEOPT PACKING pc=0x00000165241b4c20 sp=0x0000002fd3afb9f0
Event: 8.955 Thread 0x0000016573873580 DEOPT UNPACKING pc=0x0000016523ba3aa2 sp=0x0000002fd3afb9e8 mode 2
Event: 9.102 Thread 0x0000016573873580 Uncommon trap: trap_request=0xffffff45 fr.pc=0x0000016524152714 relative=0x0000000000001a54
Event: 9.102 Thread 0x0000016573873580 Uncommon trap: reason=unstable_if action=reinterpret pc=0x0000016524152714 method=java.util.jar.Manifest$FastInputStream.readLine([BII)I @ 106 c2
Event: 9.102 Thread 0x0000016573873580 DEOPT PACKING pc=0x0000016524152714 sp=0x0000002fd3afe230
Event: 9.102 Thread 0x0000016573873580 DEOPT UNPACKING pc=0x0000016523ba3aa2 sp=0x0000002fd3afe110 mode 2
Event: 9.102 Thread 0x0000016573873580 Uncommon trap: trap_request=0xffffff45 fr.pc=0x0000016524159234 relative=0x0000000000000454
Event: 9.102 Thread 0x0000016573873580 Uncommon trap: reason=unstable_if action=reinterpret pc=0x0000016524159234 method=java.util.jar.Manifest$FastInputStream.readLine([BII)I @ 106 c2
Event: 9.102 Thread 0x0000016573873580 DEOPT PACKING pc=0x0000016524159234 sp=0x0000002fd3afe1d0
Event: 9.102 Thread 0x0000016573873580 DEOPT UNPACKING pc=0x0000016523ba3aa2 sp=0x0000002fd3afe108 mode 2
Event: 9.102 Thread 0x0000016573873580 Uncommon trap: trap_request=0xffffff45 fr.pc=0x000001652414695c relative=0x000000000000047c
Event: 9.102 Thread 0x0000016573873580 Uncommon trap: reason=unstable_if action=reinterpret pc=0x000001652414695c method=java.util.jar.Manifest$FastInputStream.readLine([BII)I @ 106 c2
Event: 9.102 Thread 0x0000016573873580 DEOPT PACKING pc=0x000001652414695c sp=0x0000002fd3afe160
Event: 9.102 Thread 0x0000016573873580 DEOPT UNPACKING pc=0x0000016523ba3aa2 sp=0x0000002fd3afe110 mode 2
Event: 9.102 Thread 0x0000016573873580 Uncommon trap: trap_request=0xffffff45 fr.pc=0x0000016524159bd8 relative=0x00000000000000b8
Event: 9.102 Thread 0x0000016573873580 Uncommon trap: reason=unstable_if action=reinterpret pc=0x0000016524159bd8 method=java.util.jar.Manifest$FastInputStream.peek()B @ 23 c2
Event: 9.102 Thread 0x0000016573873580 DEOPT PACKING pc=0x0000016524159bd8 sp=0x0000002fd3afe230
Event: 9.102 Thread 0x0000016573873580 DEOPT UNPACKING pc=0x0000016523ba3aa2 sp=0x0000002fd3afe1c8 mode 2

Classes loaded (20 events):
Event: 9.126 Loading class java/time/zone/TzdbZoneRulesProvider
Event: 9.126 Loading class java/time/zone/TzdbZoneRulesProvider done
Event: 9.128 Loading class java/time/zone/Ser
Event: 9.129 Loading class java/io/Externalizable
Event: 9.129 Loading class java/io/Externalizable done
Event: 9.129 Loading class java/time/zone/Ser done
Event: 9.130 Loading class java/util/Formatter$FixedString
Event: 9.130 Loading class java/util/Formatter$FixedString done
Event: 9.151 Loading class java/util/concurrent/TimeoutException
Event: 9.151 Loading class java/util/concurrent/TimeoutException done
Event: 10.238 Loading class java/util/PropertyResourceBundle
Event: 11.244 Loading class java/util/PropertyResourceBundle done
Event: 11.261 Loading class sun/util/PropertyResourceBundleCharset
Event: 11.262 Loading class sun/util/PropertyResourceBundleCharset done
Event: 11.262 Loading class sun/util/PropertyResourceBundleCharset$PropertiesFileDecoder
Event: 11.262 Loading class sun/util/PropertyResourceBundleCharset$PropertiesFileDecoder done
Event: 11.263 Loading class java/lang/invoke/DirectMethodHandle$StaticAccessor
Event: 11.263 Loading class java/lang/invoke/DirectMethodHandle$StaticAccessor done
Event: 13.308 Loading class java/lang/AbstractMethodError
Event: 13.308 Loading class java/lang/AbstractMethodError done

Classes unloaded (0 events):
No events

Classes redefined (0 events):
No events

Internal exceptions (20 events):
Event: 1.623 Thread 0x000001651943ec90 Implicit null exception at 0x0000016524147329 to 0x0000016524147b9c
Event: 1.623 Thread 0x000001651943ec90 Implicit null exception at 0x0000016524157d1a to 0x0000016524157f28
Event: 1.624 Thread 0x000001651943ec90 Exception <a 'java/lang/NoSuchMethodError'{0x00000000d5768cf0}: 'void java.lang.invoke.DirectMethodHandle$Holder.invokeStatic(java.lang.Object, java.lang.Object, java.lang.Object, java.lang.Object)'> (0x00000000d5768cf0) 
thrown [s\src\hotspot\share\interpreter\linkResolver.cpp, line 773]
Event: 1.626 Thread 0x000001651943ec90 Implicit null exception at 0x000001652414f09a to 0x000001652414f2a8
Event: 1.627 Thread 0x000001651943ec90 Implicit null exception at 0x000001652414c6bd to 0x000001652414c741
Event: 1.778 Thread 0x000001651943ec90 Exception <a 'java/lang/NoSuchMethodError'{0x00000000d59e1180}: 'void java.lang.invoke.DirectMethodHandle$Holder.invokeSpecial(java.lang.Object, java.lang.Object, java.lang.Object)'> (0x00000000d59e1180) 
thrown [s\src\hotspot\share\interpreter\linkResolver.cpp, line 773]
Event: 3.077 Thread 0x000001651943ec90 Exception <a 'java/lang/NoSuchMethodError'{0x00000000d6292060}: 'int java.lang.invoke.DirectMethodHandle$Holder.invokeVirtual(java.lang.Object, java.lang.Object)'> (0x00000000d6292060) 
thrown [s\src\hotspot\share\interpreter\linkResolver.cpp, line 773]
Event: 3.118 Thread 0x000001651943ec90 Exception <a 'java/lang/NoSuchMethodError'{0x00000000d64059b0}: 'int java.lang.invoke.DirectMethodHandle$Holder.invokeStaticInit(java.lang.Object, java.lang.Object, java.lang.Object, java.lang.Object)'> (0x00000000d64059b0) 
thrown [s\src\hotspot\share\interpreter\linkResolver.cpp, line 773]
Event: 3.119 Thread 0x000001651943ec90 Exception <a 'java/lang/IncompatibleClassChangeError'{0x00000000d640de38}: Found class java.lang.Object, but interface was expected> (0x00000000d640de38) 
thrown [s\src\hotspot\share\interpreter\linkResolver.cpp, line 840]
Event: 3.119 Thread 0x000001651943ec90 Exception <a 'java/lang/NoSuchMethodError'{0x00000000d6414468}: 'void java.lang.invoke.DirectMethodHandle$Holder.invokeStaticInit(java.lang.Object, java.lang.Object)'> (0x00000000d6414468) 
thrown [s\src\hotspot\share\interpreter\linkResolver.cpp, line 773]
Event: 3.120 Thread 0x000001651943ec90 Exception <a 'java/lang/NoSuchMethodError'{0x00000000d641d6a0}: 'int java.lang.invoke.DirectMethodHandle$Holder.invokeStaticInit(java.lang.Object, java.lang.Object)'> (0x00000000d641d6a0) 
thrown [s\src\hotspot\share\interpreter\linkResolver.cpp, line 773]
Event: 3.175 Thread 0x000001651943ec90 Exception <a 'java/lang/NoSuchMethodError'{0x00000000d66687b8}: 'java.lang.Object java.lang.invoke.DirectMethodHandle$Holder.newInvokeSpecial(java.lang.Object, int, java.lang.Object)'> (0x00000000d66687b8) 
thrown [s\src\hotspot\share\interpreter\linkResolver.cpp, line 773]
Event: 3.228 Thread 0x000001651943ec90 Exception <a 'java/lang/ClassNotFoundException'{0x00000000d6878328}: sun/net/www/protocol/plurl/Handler> (0x00000000d6878328) 
thrown [s\src\hotspot\share\classfile\systemDictionary.cpp, line 312]
Event: 3.411 Thread 0x000001651943ec90 Exception <a 'java/lang/UnsatisfiedLinkError'{0x00000000d6ce4940}: 'void org.eclipse.equinox.launcher.JNIBridge._update_splash()'> (0x00000000d6ce4940) 
thrown [s\src\hotspot\share\prims\nativeLookup.cpp, line 415]
Event: 4.519 Thread 0x0000016573873580 Exception <a 'java/lang/NullPointerException'{0x00000000d584c8b8}> (0x00000000d584c8b8) 
thrown [s\src\hotspot\share\interpreter\linkResolver.cpp, line 1372]
Event: 4.519 Thread 0x0000016573873580 Exception <a 'java/lang/NullPointerException'{0x00000000d584cb98}> (0x00000000d584cb98) 
thrown [s\src\hotspot\share\interpreter\linkResolver.cpp, line 1372]
Event: 7.910 Thread 0x0000016573873580 Exception <a 'java/io/FileNotFoundException'{0x00000000d62ad118}> (0x00000000d62ad118) 
thrown [s\src\hotspot\share\prims\jni.cpp, line 520]
Event: 9.086 Thread 0x0000016573873580 Exception <a 'java/lang/NoSuchMethodError'{0x00000000d65b0bb8}: 'java.lang.Object java.lang.invoke.Invokers$Holder.linkToTargetMethod(java.lang.Object, long, java.lang.Object)'> (0x00000000d65b0bb8) 
thrown [s\src\hotspot\share\interpreter\linkResolver.cpp, line 773]
Event: 9.152 Thread 0x0000016573873580 Exception <a 'java/lang/NoSuchMethodError'{0x00000000d6951ba0}: 'void java.lang.invoke.DirectMethodHandle$Holder.invokeInterface(java.lang.Object, java.lang.Object, java.lang.Object)'> (0x00000000d6951ba0) 
thrown [s\src\hotspot\share\interpreter\linkResolver.cpp, line 773]
Event: 11.265 Thread 0x0000016573873580 Exception <a 'java/lang/NoSuchMethodError'{0x00000000d6b620d0}: 'void java.lang.invoke.Invokers$Holder.invokeExact_MT(java.lang.Object, java.lang.Object, java.lang.Object)'> (0x00000000d6b620d0) 
thrown [s\src\hotspot\share\interpreter\linkResolver.cpp, line 773]

ZGC Phase Switch (0 events):
No events

VM Operations (20 events):
Event: 5.503 Executing VM operation: Cleanup
Event: 5.579 Executing VM operation: Cleanup done
Event: 6.591 Executing VM operation: Cleanup
Event: 6.638 Executing VM operation: Cleanup done
Event: 6.673 Executing VM operation: HandshakeAllThreads (Deoptimize)
Event: 6.673 Executing VM operation: HandshakeAllThreads (Deoptimize) done
Event: 7.681 Executing VM operation: Cleanup
Event: 7.681 Executing VM operation: Cleanup done
Event: 8.681 Executing VM operation: Cleanup
Event: 8.949 Executing VM operation: Cleanup done
Event: 9.125 Executing VM operation: HandshakeAllThreads (Deoptimize)
Event: 9.125 Executing VM operation: HandshakeAllThreads (Deoptimize) done
Event: 10.135 Executing VM operation: Cleanup
Event: 10.182 Executing VM operation: Cleanup done
Event: 11.183 Executing VM operation: Cleanup
Event: 11.260 Executing VM operation: Cleanup done
Event: 12.272 Executing VM operation: Cleanup
Event: 13.274 Executing VM operation: Cleanup done
Event: 14.274 Executing VM operation: Cleanup
Event: 14.275 Executing VM operation: Cleanup done

Memory protections (0 events):
No events

Nmethod flushes (0 events):
No events

Events (20 events):
Event: 0.176 Thread 0x000001657226d3f0 Thread added: 0x0000016572439580
Event: 0.529 Thread 0x0000016572439580 Thread exited: 0x0000016572439580
Event: 0.642 Thread 0x000001651943ec90 Thread added: 0x00000165725aed60
Event: 0.827 Thread 0x000001657226d3f0 Thread added: 0x00000165731f8340
Event: 1.570 Thread 0x00000165731f8340 Thread exited: 0x00000165731f8340
Event: 1.875 Thread 0x000001657226d3f0 Thread added: 0x000001657322bb70
Event: 1.878 Thread 0x000001657226d3f0 Thread added: 0x000001657376fa90
Event: 2.980 Thread 0x000001657376fa90 Thread exited: 0x000001657376fa90
Event: 2.980 Thread 0x000001657322bb70 Thread exited: 0x000001657322bb70
Event: 3.026 Thread 0x000001657226d3f0 Thread added: 0x000001657376fa90
Event: 3.133 Thread 0x000001651943ec90 Thread added: 0x00000165737105e0
Event: 3.402 Thread 0x000001651943ec90 Thread added: 0x0000016578037400
Event: 3.409 Thread 0x000001651943ec90 Thread added: 0x0000016573873580
Event: 3.465 Thread 0x0000016573873580 Thread added: 0x00000165738536c0
Event: 4.490 Thread 0x000001657376fa90 Thread exited: 0x000001657376fa90
Event: 6.649 Thread 0x0000016573873580 Thread added: 0x00000165739a4090
Event: 6.789 Thread 0x000001657224cb60 Thread added: 0x00000165780244d0
Event: 8.952 Thread 0x00000165780244d0 Thread exited: 0x00000165780244d0
Event: 10.202 Thread 0x0000016573873580 Thread added: 0x0000016572421200
Event: 14.036 Thread 0x00000165739a4090 Thread exited: 0x00000165739a4090


Dynamic libraries:
0x00007ff7e1c80000 - 0x00007ff7e1c8e000 	c:\Users\lulub\.vscode\extensions\redhat.java-1.44.0-win32-x64\jre\21.0.8-win32-x86_64\bin\java.exe
0x00007ffb9b780000 - 0x00007ffb9b9e7000 	C:\WINDOWS\SYSTEM32\ntdll.dll
0x00007ffb9a520000 - 0x00007ffb9a5e9000 	C:\WINDOWS\System32\KERNEL32.DLL
0x00007ffb98c30000 - 0x00007ffb99020000 	C:\WINDOWS\System32\KERNELBASE.dll
0x00007ffb95830000 - 0x00007ffb958ce000 	C:\WINDOWS\SYSTEM32\apphelp.dll
0x00007ffb988b0000 - 0x00007ffb989fb000 	C:\WINDOWS\System32\ucrtbase.dll
0x00007ffb850c0000 - 0x00007ffb850de000 	c:\Users\lulub\.vscode\extensions\redhat.java-1.44.0-win32-x64\jre\21.0.8-win32-x86_64\bin\VCRUNTIME140.dll
0x00007ffb83e20000 - 0x00007ffb83e38000 	c:\Users\lulub\.vscode\extensions\redhat.java-1.44.0-win32-x64\jre\21.0.8-win32-x86_64\bin\jli.dll
0x00007ffb9a680000 - 0x00007ffb9a845000 	C:\WINDOWS\System32\USER32.dll
0x00007ffb6f610000 - 0x00007ffb6f8aa000 	C:\WINDOWS\WinSxS\amd64_microsoft.windows.common-controls_6595b64144ccf1df_6.0.26100.4768_none_3e0c112ce331287c\COMCTL32.dll
0x00007ffb98a00000 - 0x00007ffb98a27000 	C:\WINDOWS\System32\win32u.dll
0x00007ffb99fe0000 - 0x00007ffb9a089000 	C:\WINDOWS\System32\msvcrt.dll
0x00007ffb99b40000 - 0x00007ffb99b6b000 	C:\WINDOWS\System32\GDI32.dll
0x00007ffb98af0000 - 0x00007ffb98c28000 	C:\WINDOWS\System32\gdi32full.dll
0x00007ffb99030000 - 0x00007ffb990d3000 	C:\WINDOWS\System32\msvcp_win.dll
0x00007ffb9b110000 - 0x00007ffb9b13f000 	C:\WINDOWS\System32\IMM32.DLL
0x00007ffb840e0000 - 0x00007ffb840ec000 	c:\Users\lulub\.vscode\extensions\redhat.java-1.44.0-win32-x64\jre\21.0.8-win32-x86_64\bin\vcruntime140_1.dll
0x00007ffb5fac0000 - 0x00007ffb5fb4d000 	c:\Users\lulub\.vscode\extensions\redhat.java-1.44.0-win32-x64\jre\21.0.8-win32-x86_64\bin\msvcp140.dll
0x00007ffb0e970000 - 0x00007ffb0f707000 	c:\Users\lulub\.vscode\extensions\redhat.java-1.44.0-win32-x64\jre\21.0.8-win32-x86_64\bin\server\jvm.dll
0x00007ffb9b5a0000 - 0x00007ffb9b654000 	C:\WINDOWS\System32\ADVAPI32.dll
0x00007ffb9b690000 - 0x00007ffb9b736000 	C:\WINDOWS\System32\sechost.dll
0x00007ffb9b480000 - 0x00007ffb9b598000 	C:\WINDOWS\System32\RPCRT4.dll
0x00007ffb9a8d0000 - 0x00007ffb9a944000 	C:\WINDOWS\System32\WS2_32.dll
0x00007ffb98710000 - 0x00007ffb9876e000 	C:\WINDOWS\SYSTEM32\POWRPROF.dll
0x00007ffb718c0000 - 0x00007ffb718cb000 	C:\WINDOWS\SYSTEM32\VERSION.dll
0x00007ffb8fdf0000 - 0x00007ffb8fe25000 	C:\WINDOWS\SYSTEM32\WINMM.dll
0x00007ffb986f0000 - 0x00007ffb98704000 	C:\WINDOWS\SYSTEM32\UMPDC.dll
0x00007ffb97560000 - 0x00007ffb9757b000 	C:\WINDOWS\SYSTEM32\kernel.appcore.dll
0x00007ffb85220000 - 0x00007ffb8522a000 	c:\Users\lulub\.vscode\extensions\redhat.java-1.44.0-win32-x64\jre\21.0.8-win32-x86_64\bin\jimage.dll
0x00007ffb91780000 - 0x00007ffb919c1000 	C:\WINDOWS\SYSTEM32\DBGHELP.DLL
0x00007ffb997b0000 - 0x00007ffb99b35000 	C:\WINDOWS\System32\combase.dll
0x00007ffb9b150000 - 0x00007ffb9b230000 	C:\WINDOWS\System32\OLEAUT32.dll
0x00007ffb5e4e0000 - 0x00007ffb5e523000 	C:\WINDOWS\SYSTEM32\dbgcore.DLL
0x00007ffb993e0000 - 0x00007ffb99479000 	C:\WINDOWS\System32\bcryptPrimitives.dll
0x00007ffb85210000 - 0x00007ffb8521f000 	c:\Users\lulub\.vscode\extensions\redhat.java-1.44.0-win32-x64\jre\21.0.8-win32-x86_64\bin\instrument.dll
0x00007ffb82fd0000 - 0x00007ffb82fef000 	c:\Users\lulub\.vscode\extensions\redhat.java-1.44.0-win32-x64\jre\21.0.8-win32-x86_64\bin\java.dll
0x00007ffb9a950000 - 0x00007ffb9b09d000 	C:\WINDOWS\System32\SHELL32.dll
0x00007ffb99260000 - 0x00007ffb993d3000 	C:\WINDOWS\System32\wintypes.dll
0x00007ffb96460000 - 0x00007ffb96cc0000 	C:\WINDOWS\SYSTEM32\windows.storage.dll
0x00007ffb995a0000 - 0x00007ffb99695000 	C:\WINDOWS\System32\SHCORE.dll
0x00007ffb99b70000 - 0x00007ffb99bda000 	C:\WINDOWS\System32\shlwapi.dll
0x00007ffb987d0000 - 0x00007ffb987f9000 	C:\WINDOWS\SYSTEM32\profapi.dll
0x00007ffb82a90000 - 0x00007ffb82aa8000 	c:\Users\lulub\.vscode\extensions\redhat.java-1.44.0-win32-x64\jre\21.0.8-win32-x86_64\bin\zip.dll
0x00007ffb84f30000 - 0x00007ffb84f40000 	C:\Users\lulub\.vscode\extensions\redhat.java-1.44.0-win32-x64\jre\21.0.8-win32-x86_64\bin\net.dll
0x00007ffb89800000 - 0x00007ffb8991e000 	C:\WINDOWS\SYSTEM32\WINHTTP.dll
0x00007ffb97ba0000 - 0x00007ffb97c0b000 	C:\WINDOWS\system32\mswsock.dll
0x00007ffb84f10000 - 0x00007ffb84f26000 	C:\Users\lulub\.vscode\extensions\redhat.java-1.44.0-win32-x64\jre\21.0.8-win32-x86_64\bin\nio.dll
0x00007ffb83e10000 - 0x00007ffb83e20000 	c:\Users\lulub\.vscode\extensions\redhat.java-1.44.0-win32-x64\jre\21.0.8-win32-x86_64\bin\verify.dll
0x00007ffb7dc90000 - 0x00007ffb7dcd5000 	C:\Users\lulub\AppData\Roaming\Code\User\globalStorage\redhat.java\1.44.0\config_ss_win\org.eclipse.equinox.launcher\org.eclipse.equinox.launcher.win32.win32.x86_64_1.2.1400.v20250730-1736\eclipse_11913.dll
0x00007ffb99e30000 - 0x00007ffb99fd0000 	C:\WINDOWS\System32\ole32.dll

JVMTI agents:
c:\Users\lulub\.vscode\extensions\redhat.java-1.44.0-win32-x64\lombok\lombok-1.18.39-4050.jar path:c:\Users\lulub\.vscode\extensions\redhat.java-1.44.0-win32-x64\jre\21.0.8-win32-x86_64\bin\instrument.dll, loaded, initialized, instrumentlib options:none

dbghelp: loaded successfully - version: 4.0.5 - missing functions: none
symbol engine: initialized successfully - sym options: 0x614 - pdb path: .;c:\Users\lulub\.vscode\extensions\redhat.java-1.44.0-win32-x64\jre\21.0.8-win32-x86_64\bin;C:\WINDOWS\SYSTEM32;C:\WINDOWS\WinSxS\amd64_microsoft.windows.common-controls_6595b64144ccf1df_6.0.26100.4768_none_3e0c112ce331287c;c:\Users\lulub\.vscode\extensions\redhat.java-1.44.0-win32-x64\jre\21.0.8-win32-x86_64\bin\server;C:\Users\lulub\AppData\Roaming\Code\User\globalStorage\redhat.java\1.44.0\config_ss_win\org.eclipse.equinox.launcher\org.eclipse.equinox.launcher.win32.win32.x86_64_1.2.1400.v20250730-1736

VM Arguments:
jvm_args: --add-modules=ALL-SYSTEM --add-opens=java.base/java.util=ALL-UNNAMED --add-opens=java.base/java.lang=ALL-UNNAMED --add-opens=java.base/sun.nio.fs=ALL-UNNAMED -Declipse.application=org.eclipse.jdt.ls.core.id1 -Dosgi.bundles.defaultStartLevel=4 -Declipse.product=org.eclipse.jdt.ls.core.product -Djava.import.generatesMetadataFilesAtProjectRoot=false -DDetectVMInstallationsJob.disabled=true -Dfile.encoding=utf8 -XX:+UseParallelGC -XX:GCTimeRatio=4 -XX:AdaptiveSizePolicyWeight=90 -Dsun.zip.disableMemoryMapping=true -Xmx2G -Xms100m -Xlog:disable -javaagent:c:\Users\lulub\.vscode\extensions\redhat.java-1.44.0-win32-x64\lombok\lombok-1.18.39-4050.jar 
java_command: c:\Users\lulub\.vscode\extensions\redhat.java-1.44.0-win32-x64\server\plugins\org.eclipse.equinox.launcher_1.7.0.v20250519-0528.jar -configuration c:\Users\lulub\AppData\Roaming\Code\User\globalStorage\redhat.java\1.44.0\config_ss_win -data c:\Users\lulub\AppData\Roaming\Code\User\workspaceStorage\3531c2e946f91c46e5a60dbcf2808670\redhat.java\ss_ws --pipe=\\.\pipe\lsp-8ba45a051595620d93c50a49f1d30c25-sock
java_class_path (initial): c:\Users\lulub\.vscode\extensions\redhat.java-1.44.0-win32-x64\server\plugins\org.eclipse.equinox.launcher_1.7.0.v20250519-0528.jar
Launcher Type: SUN_STANDARD

[Global flags]
    uintx AdaptiveSizePolicyWeight                 = 90                                        {product} {command line}
     intx CICompilerCount                          = 4                                         {product} {ergonomic}
    uintx GCTimeRatio                              = 4                                         {product} {command line}
   size_t InitialHeapSize                          = 104857600                                 {product} {command line}
   size_t MaxHeapSize                              = 2147483648                                {product} {command line}
   size_t MaxNewSize                               = 715653120                                 {product} {ergonomic}
   size_t MinHeapDeltaBytes                        = 524288                                    {product} {ergonomic}
   size_t MinHeapSize                              = 104857600                                 {product} {command line}
   size_t NewSize                                  = 34603008                                  {product} {ergonomic}
    uintx NonNMethodCodeHeapSize                   = 5839372                                {pd product} {ergonomic}
    uintx NonProfiledCodeHeapSize                  = 122909434                              {pd product} {ergonomic}
   size_t OldSize                                  = 70254592                                  {product} {ergonomic}
    uintx ProfiledCodeHeapSize                     = 122909434                              {pd product} {ergonomic}
    uintx ReservedCodeCacheSize                    = 251658240                              {pd product} {ergonomic}
     bool SegmentedCodeCache                       = true                                      {product} {ergonomic}
   size_t SoftMaxHeapSize                          = 2147483648                             {manageable} {ergonomic}
     bool UseCompressedOops                        = true                           {product lp64_product} {ergonomic}
     bool UseLargePagesIndividualAllocation        = false                                  {pd product} {ergonomic}
     bool UseParallelGC                            = true                                      {product} {command line}

Logging:
Log output configuration:
 #0: stdout all=off uptime,level,tags foldmultilines=false
 #1: stderr all=off uptime,level,tags foldmultilines=false

Environment Variables:
JAVA_HOME=C:\Program Files\Java\zulu21.32.17-ca-jdk21.0.2-win_x64.zip
PATH=C:\Program Files\Common Files\Oracle\Java\javapath;C:\Program Files (x86)\Common Files\Oracle\Java\javapath;C:\Program Files\Zulu\zulu-21\bin\;C:\Program Files\Java\zulu21.32.17-ca-jdk21.0.2-win_x64.zip\bin;C:\WINDOWS\system32;C:\WINDOWS;C:\WINDOWS\System32\Wbem;C:\WINDOWS\System32\WindowsPowerShell\v1.0\;C:\WINDOWS\System32\OpenSSH\;C:\Program Files\nodejs\;C:\Program Files\Git\cmd;C:\Program Files\Process Lasso\;C:\Program Files\Java\zulu21.32.17-ca-jdk21.0.2-win_x64.zip\bin;C:\Users\lulub\Downloads\maven-mvnd-1.0.2-windows-amd64\bin;C:\Users\lulub\AppData\Local\Programs\Python\Launcher\;C:\Users\lulub\AppData\Local\Microsoft\WindowsApps;C:\Users\lulub\AppData\Local\GitHubDesktop\bin;C:\Users\lulub\AppData\Roaming\npm;C:\Users\lulub\AppData\Local\OneDrive\Microsoft VS Code\bin;C:\Program Files\JetBrains\IntelliJ IDEA 2025.1.1.1\bin;;
USERNAME=lulub
OS=Windows_NT
PROCESSOR_IDENTIFIER=Intel64 Family 6 Model 154 Stepping 4, GenuineIntel
TMP=C:\Users\lulub\AppData\Local\Temp
TEMP=C:\Users\lulub\AppData\Local\Temp




Periodic native trim disabled

---------------  S Y S T E M  ---------------

OS:
 Windows 11 , 64 bit Build 26100 (10.0.26100.4768)
OS uptime: 6 days 2:46 hours
Hyper-V role detected

CPU: total 12 (initial active 12) (6 cores per cpu, 2 threads per core) family 6 model 154 stepping 4 microcode 0x432, cx8, cmov, fxsr, ht, mmx, 3dnowpref, sse, sse2, sse3, ssse3, sse4.1, sse4.2, popcnt, lzcnt, tsc, tscinvbit, avx, avx2, aes, erms, clmul, bmi1, bmi2, adx, sha, fma, vzeroupper, clflush, clflushopt, clwb, hv, serialize, rdtscp, rdpid, fsrm, f16c, cet_ibt, cet_ss
Processor Information for processor 0
  Max Mhz: 1300, Current Mhz: 1300, Mhz Limit: 1300
Processor Information for processor 1
  Max Mhz: 1300, Current Mhz: 1300, Mhz Limit: 1300
Processor Information for processor 2
  Max Mhz: 1300, Current Mhz: 1300, Mhz Limit: 1300
Processor Information for processor 3
  Max Mhz: 1300, Current Mhz: 1300, Mhz Limit: 1300
Processor Information for processor 4
  Max Mhz: 900, Current Mhz: 900, Mhz Limit: 900
Processor Information for processor 5
  Max Mhz: 900, Current Mhz: 900, Mhz Limit: 900
Processor Information for processor 6
  Max Mhz: 900, Current Mhz: 900, Mhz Limit: 900
Processor Information for processor 7
  Max Mhz: 900, Current Mhz: 900, Mhz Limit: 900
Processor Information for processor 8
  Max Mhz: 900, Current Mhz: 900, Mhz Limit: 900
Processor Information for processor 9
  Max Mhz: 900, Current Mhz: 900, Mhz Limit: 900
Processor Information for processor 10
  Max Mhz: 900, Current Mhz: 900, Mhz Limit: 900
Processor Information for processor 11
  Max Mhz: 900, Current Mhz: 900, Mhz Limit: 900

Memory: 4k page, system-wide physical 7916M (468M free)
TotalPageFile size 15916M (AvailPageFile size 0M)
current process WorkingSet (physical memory assigned to process): 106M, peak: 106M
current process commit charge ("private bytes"): 253M, peak: 253M

vm_info: OpenJDK 64-Bit Server VM (21.0.8+9-LTS) for windows-amd64 JRE (21.0.8+9-LTS), built on 2025-07-15T00:00:00Z by "admin" with MS VC++ 17.7 (VS2022)

END.
